#
# There is insufficient memory for the Java Runtime Environment to continue.
# Native memory allocation (mmap) failed to map 125829120 bytes for Failed to commit area from 0x0000000089800000 to 0x0000000091000000 of length 125829120.
# Possible reasons:
#   The system is out of physical RAM or swap space
#   The process is running with CompressedOops enabled, and the Java Heap may be blocking the growth of the native heap
# Possible solutions:
#   Reduce memory load on the system
#   Increase physical memory or swap space
#   Check if swap backing store is full
#   Decrease Java heap size (-Xmx/-Xms)
#   Decrease number of Java threads
#   Decrease Java thread stack sizes (-Xss)
#   Set larger code cache with -XX:ReservedCodeCacheSize=
# This output file may be truncated or incomplete.
#
#  Out of Memory Error (./src/hotspot/os/windows/os_windows.cpp:3303), pid=2196, tid=12932
#
# JRE version:  (11.0.9.1+11) (build )
# Java VM: OpenJDK 64-Bit Server VM (11.0.9.1+11-b1145.77, mixed mode, sharing, tiered, compressed oops, g1 gc, windows-amd64)
# No core dump will be written. Minidumps are not enabled by default on client versions of Windows
#

---------------  S U M M A R Y ------------

Command Line: org.jetbrains.git4idea.http.GitAskPassApp Username for 'https://github.com': 

Host: AMD Ryzen 5 4500U with Radeon Graphics         , 6 cores, 7G,  Windows 10 , 64 bit Build 19041 (10.0.19041.5198)
Time: Sat Jan 25 19:37:49 2025 RTZ 2 (зима) elapsed time: 0.010967 seconds (0d 0h 0m 0s)

---------------  T H R E A D  ---------------

Current thread (0x00000208e3997800):  JavaThread "Unknown thread" [_thread_in_vm, id=12932, stack(0x000000b899e00000,0x000000b899f00000)]

Stack: [0x000000b899e00000,0x000000b899f00000]
Native frames: (J=compiled Java code, j=interpreted, Vv=VM code, C=native code)
V  [jvm.dll+0x5edd9a]
V  [jvm.dll+0x7229c5]
V  [jvm.dll+0x723f1d]
V  [jvm.dll+0x7245d3]
V  [jvm.dll+0x2431b8]
V  [jvm.dll+0x5eb234]
V  [jvm.dll+0x5e0325]
V  [jvm.dll+0x2fe60b]
V  [jvm.dll+0x2fe57a]
V  [jvm.dll+0x2fe452]
V  [jvm.dll+0x303346]
V  [jvm.dll+0x34ba83]
V  [jvm.dll+0x34c186]
V  [jvm.dll+0x34bb83]
V  [jvm.dll+0x2d9218]
V  [jvm.dll+0x2da3c7]
V  [jvm.dll+0x701a67]
V  [jvm.dll+0x70325c]
V  [jvm.dll+0x359049]
V  [jvm.dll+0x6e552e]
V  [jvm.dll+0x3c1353]
V  [jvm.dll+0x3c3571]
C  [jli.dll+0x5373]
C  [ucrtbase.dll+0x21bb2]
C  [KERNEL32.DLL+0x17374]
C  [ntdll.dll+0x4cc91]


---------------  P R O C E S S  ---------------

Threads class SMR info:
_java_thread_list=0x00000208e1832f30, length=0, elements={
}

Java Threads: ( => current thread )

Other Threads:
  0x00000208e39af000 GCTaskThread "GC Thread#0" [stack: 0x000000b899f00000,0x000000b89a000000] [id=2416]
  0x00000208e39dc000 ConcurrentGCThread "G1 Main Marker" [stack: 0x000000b89a000000,0x000000b89a100000] [id=1736]
  0x00000208e39df800 ConcurrentGCThread "G1 Conc#0" [stack: 0x000000b89a100000,0x000000b89a200000] [id=2120]

[error occurred during error reporting (printing all threads), id 0xc0000005, EXCEPTION_ACCESS_VIOLATION (0xc0000005) at pc=0x00007fffbf3c9807]

VM state:not at safepoint (not fully initialized)

VM Mutex/Monitor currently owned by a thread:  ([mutex/lock_event])
[0x00000208e39934c0] Heap_lock - owner thread: 0x00000208e3997800

Heap address: 0x0000000089800000, size: 1896 MB, Compressed Oops mode: Non-zero based: 0x0000000089800000
Narrow klass base: 0x0000000000000000, Narrow klass shift: 0

GC Heap History (0 events):
No events

Deoptimization events (0 events):
No events

Classes redefined (0 events):
No events

Internal exceptions (0 events):
No events

Events (1 events):
Event: 0.006 Loaded shared library C:\Program Files\JetBrains\PyCharm Community Edition 2020.3.3\jbr\bin\zip.dll


Dynamic libraries:
0x00007ff7ef650000 - 0x00007ff7ef65a000 	C:\Program Files\JetBrains\PyCharm Community Edition 2020.3.3\jbr\bin\java.exe
0x00007ff815010000 - 0x00007ff815208000 	C:\WINDOWS\SYSTEM32\ntdll.dll
0x00007ff813bd0000 - 0x00007ff813c92000 	C:\WINDOWS\System32\KERNEL32.DLL
0x00007ff812980000 - 0x00007ff812c7f000 	C:\WINDOWS\System32\KERNELBASE.dll
0x00007ff812880000 - 0x00007ff812980000 	C:\WINDOWS\System32\ucrtbase.dll
0x00007fffff8b0000 - 0x00007fffff8c9000 	C:\Program Files\JetBrains\PyCharm Community Edition 2020.3.3\jbr\bin\jli.dll
0x00007fffff4c0000 - 0x00007fffff4d7000 	C:\Program Files\JetBrains\PyCharm Community Edition 2020.3.3\jbr\bin\VCRUNTIME140.dll
0x00007ff814cd0000 - 0x00007ff814e6d000 	C:\WINDOWS\System32\USER32.dll
0x00007ff800a80000 - 0x00007ff800d1a000 	C:\WINDOWS\WinSxS\amd64_microsoft.windows.common-controls_6595b64144ccf1df_6.0.19041.4355_none_60b8b9eb71f62e16\COMCTL32.dll
0x00007ff812ff0000 - 0x00007ff813012000 	C:\WINDOWS\System32\win32u.dll
0x00007ff813990000 - 0x00007ff813a2e000 	C:\WINDOWS\System32\msvcrt.dll
0x00007ff814e70000 - 0x00007ff814e9b000 	C:\WINDOWS\System32\GDI32.dll
0x00007ff812ed0000 - 0x00007ff812fe7000 	C:\WINDOWS\System32\gdi32full.dll
0x00007ff812c80000 - 0x00007ff812d1d000 	C:\WINDOWS\System32\msvcp_win.dll
0x00007ff813a30000 - 0x00007ff813a5f000 	C:\WINDOWS\System32\IMM32.DLL
0x00007fffed770000 - 0x00007fffed80d000 	C:\Program Files\JetBrains\PyCharm Community Edition 2020.3.3\jbr\bin\msvcp140.dll
0x00007fffbf0e0000 - 0x00007fffbfbae000 	C:\Program Files\JetBrains\PyCharm Community Edition 2020.3.3\jbr\bin\server\jvm.dll
0x00007ff813f80000 - 0x00007ff814031000 	C:\WINDOWS\System32\ADVAPI32.dll
0x00007ff814c30000 - 0x00007ff814ccf000 	C:\WINDOWS\System32\sechost.dll
0x00007ff813500000 - 0x00007ff813623000 	C:\WINDOWS\System32\RPCRT4.dll
0x00007ff8126a0000 - 0x00007ff8126c7000 	C:\WINDOWS\System32\bcrypt.dll
0x00007ff813a70000 - 0x00007ff813a78000 	C:\WINDOWS\System32\PSAPI.DLL
0x00007ffff8550000 - 0x00007ffff8559000 	C:\WINDOWS\SYSTEM32\WSOCK32.dll
0x00007ff806ab0000 - 0x00007ff806aba000 	C:\WINDOWS\SYSTEM32\VERSION.dll
0x00007ff806840000 - 0x00007ff806867000 	C:\WINDOWS\SYSTEM32\WINMM.dll
0x00007ff814370000 - 0x00007ff8143db000 	C:\WINDOWS\System32\WS2_32.dll
0x00007ff810400000 - 0x00007ff810412000 	C:\WINDOWS\SYSTEM32\kernel.appcore.dll
0x00007ff80a0b0000 - 0x00007ff80a0c1000 	C:\Program Files\JetBrains\PyCharm Community Edition 2020.3.3\jbr\bin\verify.dll
0x00007ffffdea0000 - 0x00007ffffe084000 	C:\WINDOWS\SYSTEM32\DBGHELP.DLL
0x00007ffffc5c0000 - 0x00007ffffc5f4000 	C:\WINDOWS\SYSTEM32\dbgcore.DLL
0x00007ff812740000 - 0x00007ff8127c2000 	C:\WINDOWS\System32\bcryptPrimitives.dll
0x00007ff804530000 - 0x00007ff804559000 	C:\Program Files\JetBrains\PyCharm Community Edition 2020.3.3\jbr\bin\java.dll
0x00007ff80dbe0000 - 0x00007ff80dbeb000 	C:\Program Files\JetBrains\PyCharm Community Edition 2020.3.3\jbr\bin\jimage.dll
0x00007ff809120000 - 0x00007ff809138000 	C:\Program Files\JetBrains\PyCharm Community Edition 2020.3.3\jbr\bin\zip.dll

dbghelp: loaded successfully - version: 4.0.5 - missing functions: none
symbol engine: initialized successfully - sym options: 0x614 - pdb path: .;C:\Program Files\JetBrains\PyCharm Community Edition 2020.3.3\jbr\bin;C:\WINDOWS\SYSTEM32;C:\WINDOWS\WinSxS\amd64_microsoft.windows.common-controls_6595b64144ccf1df_6.0.19041.4355_none_60b8b9eb71f62e16;C:\Program Files\JetBrains\PyCharm Community Edition 2020.3.3\jbr\bin\server

VM Arguments:
java_command: org.jetbrains.git4idea.http.GitAskPassApp Username for 'https://github.com': 
java_class_path (initial): C:/Program Files/JetBrains/PyCharm Community Edition 2020.3.3/plugins/git4idea/lib/git4idea-rt.jar;C:/Program Files/JetBrains/PyCharm Community Edition 2020.3.3/lib/xmlrpc-2.0.1.jar;C:/Program Files/JetBrains/PyCharm Community Edition 2020.3.3/lib/commons-codec-1.14.jar
Launcher Type: SUN_STANDARD

[Global flags]
     intx CICompilerCount                          = 3                                         {product} {ergonomic}
     uint ConcGCThreads                            = 2                                         {product} {ergonomic}
     uint G1ConcRefinementThreads                  = 6                                         {product} {ergonomic}
   size_t G1HeapRegionSize                         = 1048576                                   {product} {ergonomic}
    uintx GCDrainStackTargetSize                   = 64                                        {product} {ergonomic}
   size_t InitialHeapSize                          = 125829120                                 {product} {ergonomic}
   size_t MarkStackSize                            = 4194304                                   {product} {ergonomic}
   size_t MaxHeapSize                              = 1988100096                                {product} {ergonomic}
   size_t MinHeapDeltaBytes                        = 1048576                                   {product} {ergonomic}
    uintx NonNMethodCodeHeapSize                   = 5830732                                {pd product} {ergonomic}
    uintx NonProfiledCodeHeapSize                  = 122913754                              {pd product} {ergonomic}
    uintx ProfiledCodeHeapSize                     = 122913754                              {pd product} {ergonomic}
    uintx ReservedCodeCacheSize                    = 251658240                              {pd product} {ergonomic}
     bool SegmentedCodeCache                       = true                                      {product} {ergonomic}
     bool UseCompressedClassPointers               = true                                 {lp64_product} {ergonomic}
     bool UseCompressedOops                        = true                                 {lp64_product} {ergonomic}
     bool UseG1GC                                  = true                                      {product} {ergonomic}
     bool UseLargePagesIndividualAllocation        = false                                  {pd product} {ergonomic}

Logging:
Log output configuration:
 #0: stdout all=warning uptime,level,tags
 #1: stderr all=off uptime,level,tags

Environment Variables:
PATH=C:\Program Files\Git\mingw64\libexec\git-core;C:\Program Files\Git\mingw64\libexec\git-core;C:\Program Files\Git\mingw64\bin;C:\Program Files\Git\usr\bin;C:\Users\Крис\bin;C:\Python313\Scripts;C:\Python313;C:\Program Files\Common Files\Oracle\Java\javapath;C:\WINDOWS\system32;C:\WINDOWS;C:\WINDOWS\System32\Wbem;C:\WINDOWS\System32\WindowsPowerShell\v1.0;C:\WINDOWS\System32\OpenSSH;C:\Program Files\Go\bin;C:\Users\Крис\kubernetes-efk;C:\Users\Крис\kubernetes-efk\Minikube;C:\Program Files\Docker\Docker\resources\bin;%MAVEN_HOME%\bin;C:\Users\Крис\Desktop\Даша\build\jdk-11.0.17.8-hotspot\bin;C:\Program Files\Git\cmd;C:\Program Files\nodejs;C:\ProgramData\chocolatey\bin;C:\Program Files\MySQL\MySQL Shell 8.0\bin;C:\Users\Крис\AppData\Local\Programs\Python\Python39\Scripts;C:\Users\Крис\AppData\Local\Programs\Python\Python39;C:\Users\Крис\AppData\Local\Microsoft\WindowsApps;C:\Program Files\JetBrains\PyCharm Community Edition 2020.3.3\bin;C:\Program Files\JetBrains\CLion 2021.1.2\bin;C:\Users\Крис\go\bin;C:\Users\Крис\AppData\Local\Programs\Microsoft VS Code\bin;C:\Program Files\JetBrains\IntelliJ IDEA 2021.2.1\bin;C:\Users\Крис\kubernetes-efk;C:\Users\Крис\kubernetes-efk\Minikube;C:\Users\Крис\AppData\Local\Programs\Fiddler;C:\Users\Крис\AppData\Roaming\npm
USERNAME=Admin
DISPLAY=:0.0
LC_ALL=en_US.UTF-8
OS=Windows_NT
PROCESSOR_IDENTIFIER=AMD64 Family 23 Model 96 Stepping 1, AuthenticAMD



---------------  S Y S T E M  ---------------

OS: Windows 10 , 64 bit Build 19041 (10.0.19041.5198)
OS uptime: 0 days 3:33 hours
HyperV virtualization detected

CPU:total 6 (initial active 6) (6 cores per cpu, 1 threads per core) family 23 model 96 stepping 1, cmov, cx8, fxsr, mmx, sse, sse2, sse3, ssse3, sse4.1, sse4.2, popcnt, avx, avx2, aes, clmul, mmxext, 3dnowpref, lzcnt, sse4a, tsc, tscinvbit, tscinv, bmi1, bmi2, adx, sha, fma

Memory: 4k page, system-wide physical 7579M (354M free)
TotalPageFile size 30284M (AvailPageFile size 56M)
current process WorkingSet (physical memory assigned to process): 10M, peak: 10M
current process commit charge ("private bytes"): 55M, peak: 175M

vm_info: OpenJDK 64-Bit Server VM (11.0.9.1+11-b1145.77) for windows-amd64 JRE (11.0.9.1+11-b1145.77), built on Jan 16 2021 05:14:13 by "" with MS VC++ 14.0 (VS2015)

END.
